Release 14.7 Map P.20131013 (nt64)
Xilinx Mapping Report File for Design 'ALU'

Design Information
------------------
Command Line   : map -intstyle ise -p xc3s1000-ft256-5 -cm area -ir off -pr off
-c 100 -o ALU_map.ncd ALU.ngd ALU.pcf 
Target Device  : xc3s1000
Target Package : ft256
Target Speed   : -5
Mapper Version : spartan3 -- $Revision: 1.55 $
Mapped Date    : Thu Oct 09 20:23:48 2014

Design Summary
--------------
Number of errors:      0
Number of warnings:    0
Logic Utilization:
  Number of 4 input LUTs:               264 out of  15,360    1%
Logic Distribution:
  Number of occupied Slices:            163 out of   7,680    2%
    Number of Slices containing only related logic:     163 out of     163 100%
    Number of Slices containing unrelated logic:          0 out of     163   0%
      *See NOTES below for an explanation of the effects of unrelated logic.
  Total Number of 4 input LUTs:         264 out of  15,360    1%
  Number of bonded IOBs:                102 out of     173   58%

Average Fanout of Non-Clock Nets:                3.60

Peak Memory Usage:  260 MB
Total REAL time to MAP completion:  5 secs 
Total CPU time to MAP completion:   2 secs 

NOTES:

   Related logic is defined as being logic that shares connectivity - e.g. two
   LUTs are "related" if they share common inputs.  When assembling slices,
   Map gives priority to combine logic that is related.  Doing so results in
   the best timing performance.

   Unrelated logic shares no connectivity.  Map will only begin packing
   unrelated logic into a slice once 99% of the slices are occupied through
   related logic packing.

   Note that once logic distribution reaches the 99% level through related
   logic packing, this does not mean the device is completely utilized.
   Unrelated logic packing will then begin, continuing until all usable LUTs
   and FFs are occupied.  Depending on your timing budget, increased levels of
   unrelated logic packing may adversely affect the overall timing performance
   of your design.

Table of Contents
-----------------
Section 1 - Errors
Section 2 - Warnings
Section 3 - Informational
Section 4 - Removed Logic Summary
Section 5 - Removed Logic
Section 6 - IOB Properties
Section 7 - RPMs
Section 8 - Guide Report
Section 9 - Area Group and Partition Summary
Section 10 - Timing Report
Section 11 - Configuration String Information
Section 12 - Control Set Information
Section 13 - Utilization by Hierarchy

Section 1 - Errors
------------------

Section 2 - Warnings
--------------------

Section 3 - Informational
-------------------------
INFO:MapLib:562 - No environment variables are currently set.
INFO:LIT:244 - All of the single ended outputs in this design are using slew
   rate limited output drivers. The delay on speed critical single ended outputs
   can be dramatically reduced by designating them as fast outputs.

Section 4 - Removed Logic Summary
---------------------------------
   2 block(s) optimized away

Section 5 - Removed Logic
-------------------------

Optimized Block(s):
TYPE 		BLOCK
GND 		XST_GND
VCC 		XST_VCC

Section 6 - IOB Properties
--------------------------

+---------------------------------------------------------------------------------------------------------------------------------------------------------+
| IOB Name                           | Type             | Direction | IO Standard          | Diff  | Drive    | Slew | Reg (s)      | Resistor | IOB      |
|                                    |                  |           |                      | Term  | Strength | Rate |              |          | Delay    |
+---------------------------------------------------------------------------------------------------------------------------------------------------------+
| a<0>                               | IOB              | INPUT     | LVCMOS25             |       |          |      |              |          |          |
| a<1>                               | IOB              | INPUT     | LVCMOS25             |       |          |      |              |          |          |
| a<2>                               | IOB              | INPUT     | LVCMOS25             |       |          |      |              |          |          |
| a<3>                               | IOB              | INPUT     | LVCMOS25             |       |          |      |              |          |          |
| a<4>                               | IOB              | INPUT     | LVCMOS25             |       |          |      |              |          |          |
| a<5>                               | IOB              | INPUT     | LVCMOS25             |       |          |      |              |          |          |
| a<6>                               | IOB              | INPUT     | LVCMOS25             |       |          |      |              |          |          |
| a<7>                               | IOB              | INPUT     | LVCMOS25             |       |          |      |              |          |          |
| a<8>                               | IOB              | INPUT     | LVCMOS25             |       |          |      |              |          |          |
| a<9>                               | IOB              | INPUT     | LVCMOS25             |       |          |      |              |          |          |
| a<10>                              | IOB              | INPUT     | LVCMOS25             |       |          |      |              |          |          |
| a<11>                              | IOB              | INPUT     | LVCMOS25             |       |          |      |              |          |          |
| a<12>                              | IOB              | INPUT     | LVCMOS25             |       |          |      |              |          |          |
| a<13>                              | IOB              | INPUT     | LVCMOS25             |       |          |      |              |          |          |
| a<14>                              | IOB              | INPUT     | LVCMOS25             |       |          |      |              |          |          |
| a<15>                              | IOB              | INPUT     | LVCMOS25             |       |          |      |              |          |          |
| a<16>                              | IOB              | INPUT     | LVCMOS25             |       |          |      |              |          |          |
| a<17>                              | IOB              | INPUT     | LVCMOS25             |       |          |      |              |          |          |
| a<18>                              | IOB              | INPUT     | LVCMOS25             |       |          |      |              |          |          |
| a<19>                              | IOB              | INPUT     | LVCMOS25             |       |          |      |              |          |          |
| a<20>                              | IOB              | INPUT     | LVCMOS25             |       |          |      |              |          |          |
| a<21>                              | IOB              | INPUT     | LVCMOS25             |       |          |      |              |          |          |
| a<22>                              | IOB              | INPUT     | LVCMOS25             |       |          |      |              |          |          |
| a<23>                              | IOB              | INPUT     | LVCMOS25             |       |          |      |              |          |          |
| a<24>                              | IOB              | INPUT     | LVCMOS25             |       |          |      |              |          |          |
| a<25>                              | IOB              | INPUT     | LVCMOS25             |       |          |      |              |          |          |
| a<26>                              | IOB              | INPUT     | LVCMOS25             |       |          |      |              |          |          |
| a<27>                              | IOB              | INPUT     | LVCMOS25             |       |          |      |              |          |          |
| a<28>                              | IOB              | INPUT     | LVCMOS25             |       |          |      |              |          |          |
| a<29>                              | IOB              | INPUT     | LVCMOS25             |       |          |      |              |          |          |
| a<30>                              | IOB              | INPUT     | LVCMOS25             |       |          |      |              |          |          |
| a<31>                              | IOB              | INPUT     | LVCMOS25             |       |          |      |              |          |          |
| addr<0>                            | IOB              | INPUT     | LVCMOS25             |       |          |      |              |          |          |
| addr<1>                            | IOB              | INPUT     | LVCMOS25             |       |          |      |              |          |          |
| addr<2>                            | IOB              | INPUT     | LVCMOS25             |       |          |      |              |          |          |
| b<0>                               | IOB              | INPUT     | LVCMOS25             |       |          |      |              |          |          |
| b<1>                               | IOB              | INPUT     | LVCMOS25             |       |          |      |              |          |          |
| b<2>                               | IOB              | INPUT     | LVCMOS25             |       |          |      |              |          |          |
| b<3>                               | IOB              | INPUT     | LVCMOS25             |       |          |      |              |          |          |
| b<4>                               | IOB              | INPUT     | LVCMOS25             |       |          |      |              |          |          |
| b<5>                               | IOB              | INPUT     | LVCMOS25             |       |          |      |              |          |          |
| b<6>                               | IOB              | INPUT     | LVCMOS25             |       |          |      |              |          |          |
| b<7>                               | IOB              | INPUT     | LVCMOS25             |       |          |      |              |          |          |
| b<8>                               | IOB              | INPUT     | LVCMOS25             |       |          |      |              |          |          |
| b<9>                               | IOB              | INPUT     | LVCMOS25             |       |          |      |              |          |          |
| b<10>                              | IOB              | INPUT     | LVCMOS25             |       |          |      |              |          |          |
| b<11>                              | IOB              | INPUT     | LVCMOS25             |       |          |      |              |          |          |
| b<12>                              | IOB              | INPUT     | LVCMOS25             |       |          |      |              |          |          |
| b<13>                              | IOB              | INPUT     | LVCMOS25             |       |          |      |              |          |          |
| b<14>                              | IOB              | INPUT     | LVCMOS25             |       |          |      |              |          |          |
| b<15>                              | IOB              | INPUT     | LVCMOS25             |       |          |      |              |          |          |
| b<16>                              | IOB              | INPUT     | LVCMOS25             |       |          |      |              |          |          |
| b<17>                              | IOB              | INPUT     | LVCMOS25             |       |          |      |              |          |          |
| b<18>                              | IOB              | INPUT     | LVCMOS25             |       |          |      |              |          |          |
| b<19>                              | IOB              | INPUT     | LVCMOS25             |       |          |      |              |          |          |
| b<20>                              | IOB              | INPUT     | LVCMOS25             |       |          |      |              |          |          |
| b<21>                              | IOB              | INPUT     | LVCMOS25             |       |          |      |              |          |          |
| b<22>                              | IOB              | INPUT     | LVCMOS25             |       |          |      |              |          |          |
| b<23>                              | IOB              | INPUT     | LVCMOS25             |       |          |      |              |          |          |
| b<24>                              | IOB              | INPUT     | LVCMOS25             |       |          |      |              |          |          |
| b<25>                              | IOB              | INPUT     | LVCMOS25             |       |          |      |              |          |          |
| b<26>                              | IOB              | INPUT     | LVCMOS25             |       |          |      |              |          |          |
| b<27>                              | IOB              | INPUT     | LVCMOS25             |       |          |      |              |          |          |
| b<28>                              | IOB              | INPUT     | LVCMOS25             |       |          |      |              |          |          |
| b<29>                              | IOB              | INPUT     | LVCMOS25             |       |          |      |              |          |          |
| b<30>                              | IOB              | INPUT     | LVCMOS25             |       |          |      |              |          |          |
| b<31>                              | IOB              | INPUT     | LVCMOS25             |       |          |      |              |          |          |
| carry_out                          | IOB              | OUTPUT    | LVCMOS25             |       | 12       | SLOW |              |          |          |
| out<0>                             | IOB              | OUTPUT    | LVCMOS25             |       | 12       | SLOW |              |          |          |
| out<1>                             | IOB              | OUTPUT    | LVCMOS25             |       | 12       | SLOW |              |          |          |
| out<2>                             | IOB              | OUTPUT    | LVCMOS25             |       | 12       | SLOW |              |          |          |
| out<3>                             | IOB              | OUTPUT    | LVCMOS25             |       | 12       | SLOW |              |          |          |
| out<4>                             | IOB              | OUTPUT    | LVCMOS25             |       | 12       | SLOW |              |          |          |
| out<5>                             | IOB              | OUTPUT    | LVCMOS25             |       | 12       | SLOW |              |          |          |
| out<6>                             | IOB              | OUTPUT    | LVCMOS25             |       | 12       | SLOW |              |          |          |
| out<7>                             | IOB              | OUTPUT    | LVCMOS25             |       | 12       | SLOW |              |          |          |
| out<8>                             | IOB              | OUTPUT    | LVCMOS25             |       | 12       | SLOW |              |          |          |
| out<9>                             | IOB              | OUTPUT    | LVCMOS25             |       | 12       | SLOW |              |          |          |
| out<10>                            | IOB              | OUTPUT    | LVCMOS25             |       | 12       | SLOW |              |          |          |
| out<11>                            | IOB              | OUTPUT    | LVCMOS25             |       | 12       | SLOW |              |          |          |
| out<12>                            | IOB              | OUTPUT    | LVCMOS25             |       | 12       | SLOW |              |          |          |
| out<13>                            | IOB              | OUTPUT    | LVCMOS25             |       | 12       | SLOW |              |          |          |
| out<14>                            | IOB              | OUTPUT    | LVCMOS25             |       | 12       | SLOW |              |          |          |
| out<15>                            | IOB              | OUTPUT    | LVCMOS25             |       | 12       | SLOW |              |          |          |
| out<16>                            | IOB              | OUTPUT    | LVCMOS25             |       | 12       | SLOW |              |          |          |
| out<17>                            | IOB              | OUTPUT    | LVCMOS25             |       | 12       | SLOW |              |          |          |
| out<18>                            | IOB              | OUTPUT    | LVCMOS25             |       | 12       | SLOW |              |          |          |
| out<19>                            | IOB              | OUTPUT    | LVCMOS25             |       | 12       | SLOW |              |          |          |
| out<20>                            | IOB              | OUTPUT    | LVCMOS25             |       | 12       | SLOW |              |          |          |
| out<21>                            | IOB              | OUTPUT    | LVCMOS25             |       | 12       | SLOW |              |          |          |
| out<22>                            | IOB              | OUTPUT    | LVCMOS25             |       | 12       | SLOW |              |          |          |
| out<23>                            | IOB              | OUTPUT    | LVCMOS25             |       | 12       | SLOW |              |          |          |
| out<24>                            | IOB              | OUTPUT    | LVCMOS25             |       | 12       | SLOW |              |          |          |
| out<25>                            | IOB              | OUTPUT    | LVCMOS25             |       | 12       | SLOW |              |          |          |
| out<26>                            | IOB              | OUTPUT    | LVCMOS25             |       | 12       | SLOW |              |          |          |
| out<27>                            | IOB              | OUTPUT    | LVCMOS25             |       | 12       | SLOW |              |          |          |
| out<28>                            | IOB              | OUTPUT    | LVCMOS25             |       | 12       | SLOW |              |          |          |
| out<29>                            | IOB              | OUTPUT    | LVCMOS25             |       | 12       | SLOW |              |          |          |
| out<30>                            | IOB              | OUTPUT    | LVCMOS25             |       | 12       | SLOW |              |          |          |
| out<31>                            | IOB              | OUTPUT    | LVCMOS25             |       | 12       | SLOW |              |          |          |
| over_flow                          | IOB              | OUTPUT    | LVCMOS25             |       | 12       | SLOW |              |          |          |
| zero                               | IOB              | OUTPUT    | LVCMOS25             |       | 12       | SLOW |              |          |          |
+---------------------------------------------------------------------------------------------------------------------------------------------------------+

Section 7 - RPMs
----------------

Section 8 - Guide Report
------------------------
Guide not run on this design.

Section 9 - Area Group and Partition Summary
--------------------------------------------

Partition Implementation Status
-------------------------------

  No Partitions were found in this design.

-------------------------------

Area Group Information
----------------------

  No area groups were found in this design.

----------------------

Section 10 - Timing Report
--------------------------
This design was not run using timing mode.

Section 11 - Configuration String Details
-----------------------------------------
Use the "-detail" map option to print out Configuration Strings

Section 12 - Control Set Information
------------------------------------
No control set information for this architecture.

Section 13 - Utilization by Hierarchy
-------------------------------------
Use the "-detail" map option to print out the Utilization by Hierarchy section.
